This file contains any messages produced by compilers while
running configure, to aid debugging if configure makes a mistake.

It was created by libxml2 configure 2.9.12, which was
generated by GNU Autoconf 2.69.  Invocation command line was

  $ ./configure --with-http=no --with-python=no --with-lzma=yes --with-threads=no --disable-shared

## --------- ##
## Platform. ##
## --------- ##

hostname = 4bcb015ab1d7
uname -m = x86_64
uname -r = 5.15.0-134-generic
uname -s = Linux
uname -v = #145-Ubuntu SMP Wed Feb 12 20:08:39 UTC 2025

/usr/bin/uname -p = unknown
/bin/uname -X     = unknown

/bin/arch              = unknown
/usr/bin/arch -k       = unknown
/usr/convex/getsysinfo = unknown
/usr/bin/hostinfo      = unknown
/bin/machine           = unknown
/usr/bin/oslevel       = unknown
/bin/universe          = unknown

PATH: /usr/local/sbin
PATH: /usr/local/bin
PATH: /usr/sbin
PATH: /usr/bin
PATH: /sbin
PATH: /bin


## ----------- ##
## Core tests. ##
## ----------- ##

configure:2522: checking whether to enable maintainer-specific portions of Makefiles
configure:2531: result: yes
configure:2578: checking build system type
configure:2592: result: x86_64-pc-linux-gnu
configure:2612: checking host system type
configure:2625: result: x86_64-pc-linux-gnu
configure:2705: checking for a BSD-compatible install
configure:2773: result: /usr/bin/install -c
configure:2784: checking whether build environment is sane
configure:2839: result: yes
configure:2990: checking for a thread-safe mkdir -p
configure:3029: result: /bin/mkdir -p
configure:3036: checking for gawk
configure:3052: found /usr/bin/gawk
configure:3063: result: gawk
configure:3074: checking whether make sets $(MAKE)
configure:3096: result: yes
configure:3125: checking whether make supports nested variables
configure:3142: result: yes
configure:3283: checking whether make supports nested variables
configure:3300: result: yes
configure:3360: checking for gcc
configure:3387: result: wllvm
configure:3616: checking for C compiler version
configure:3625: wllvm --version >&5
clang version 4.0.0 (tags/RELEASE_400/final)
Target: x86_64-unknown-linux-gnu
Thread model: posix
InstalledDir: /usr/local/bin
configure:3636: $? = 0
configure:3625: wllvm -v >&5
clang version 4.0.0 (tags/RELEASE_400/final)
Target: x86_64-unknown-linux-gnu
Thread model: posix
InstalledDir: /usr/local/bin
Found candidate GCC installation: /usr/lib/gcc/x86_64-linux-gnu/5
Found candidate GCC installation: /usr/lib/gcc/x86_64-linux-gnu/5.4.0
Found candidate GCC installation: /usr/lib/gcc/x86_64-linux-gnu/6
Found candidate GCC installation: /usr/lib/gcc/x86_64-linux-gnu/6.0.0
Selected GCC installation: /usr/lib/gcc/x86_64-linux-gnu/5.4.0
Candidate multilib: .;@m64
... rest of stderr output deleted ...
configure:3636: $? = 0
configure:3625: wllvm -V >&5
WARNING:Did not recognize the compiler flag "-V"
clang-4.0: error: argument to '-V' is missing (expected 1 value)
clang-4.0: error: no input files
ERROR:Failed to compile using given arguments: [-V]
configure:3636: $? = 1
configure:3625: wllvm -qversion >&5
WARNING:Did not recognize the compiler flag "-qversion"
clang-4.0: error: unknown argument: '-qversion'
clang-4.0: error: no input files
ERROR:Failed to compile using given arguments: [-qversion]
configure:3636: $? = 1
configure:3656: checking whether the C compiler works
configure:3678: wllvm -g -fno-omit-frame-pointer -fcommon -Wno-error   conftest.c  >&5
configure:3682: $? = 0
configure:3730: result: yes
configure:3733: checking for C compiler default output file name
configure:3735: result: a.out
configure:3741: checking for suffix of executables
configure:3748: wllvm -o conftest -g -fno-omit-frame-pointer -fcommon -Wno-error   conftest.c  >&5
configure:3752: $? = 0
configure:3774: result: 
configure:3796: checking whether we are cross compiling
configure:3804: wllvm -o conftest -g -fno-omit-frame-pointer -fcommon -Wno-error   conftest.c  >&5
configure:3808: $? = 0
configure:3815: ./conftest
configure:3819: $? = 0
configure:3834: result: no
configure:3839: checking for suffix of object files
configure:3861: wllvm -c -g -fno-omit-frame-pointer -fcommon -Wno-error  conftest.c >&5
configure:3865: $? = 0
configure:3886: result: o
configure:3890: checking whether we are using the GNU C compiler
configure:3909: wllvm -c -g -fno-omit-frame-pointer -fcommon -Wno-error  conftest.c >&5
configure:3909: $? = 0
configure:3918: result: yes
configure:3927: checking whether wllvm accepts -g
configure:3947: wllvm -c -g  conftest.c >&5
configure:3947: $? = 0
configure:3988: result: yes
configure:4005: checking for wllvm option to accept ISO C89
configure:4068: wllvm  -c -g -fno-omit-frame-pointer -fcommon -Wno-error  conftest.c >&5
configure:4068: $? = 0
configure:4081: result: none needed
configure:4106: checking whether wllvm understands -c and -o together
configure:4128: wllvm -c conftest.c -o conftest2.o
configure:4131: $? = 0
configure:4128: wllvm -c conftest.c -o conftest2.o
configure:4131: $? = 0
configure:4143: result: yes
configure:4171: checking for style of include used by make
configure:4199: result: GNU
configure:4225: checking dependency style of wllvm
configure:4336: result: gcc3
configure:4352: checking whether ln -s works
configure:4356: result: yes
configure:4369: checking how to run the C preprocessor
configure:4400: wllvm -E  conftest.c
configure:4400: $? = 0
configure:4414: wllvm -E  conftest.c
conftest.c:11:10: fatal error: 'ac_nonexistent.h' file not found
#include <ac_nonexistent.h>
         ^~~~~~~~~~~~~~~~~~
1 error generated.
ERROR:Failed to compile using given arguments: [-E conftest.c]
configure:4414: $? = 1
configure: failed program was:
| /* confdefs.h */
| #define PACKAGE_NAME "libxml2"
| #define PACKAGE_TARNAME "libxml2"
| #define PACKAGE_VERSION "2.9.12"
| #define PACKAGE_STRING "libxml2 2.9.12"
| #define PACKAGE_BUGREPORT ""
| #define PACKAGE_URL ""
| #define PACKAGE "libxml2"
| #define VERSION "2.9.12"
| /* end confdefs.h.  */
| #include <ac_nonexistent.h>
configure:4439: result: wllvm -E
configure:4459: wllvm -E  conftest.c
configure:4459: $? = 0
configure:4473: wllvm -E  conftest.c
conftest.c:11:10: fatal error: 'ac_nonexistent.h' file not found
#include <ac_nonexistent.h>
         ^~~~~~~~~~~~~~~~~~
1 error generated.
ERROR:Failed to compile using given arguments: [-E conftest.c]
configure:4473: $? = 1
configure: failed program was:
| /* confdefs.h */
| #define PACKAGE_NAME "libxml2"
| #define PACKAGE_TARNAME "libxml2"
| #define PACKAGE_VERSION "2.9.12"
| #define PACKAGE_STRING "libxml2 2.9.12"
| #define PACKAGE_BUGREPORT ""
| #define PACKAGE_URL ""
| #define PACKAGE "libxml2"
| #define VERSION "2.9.12"
| /* end confdefs.h.  */
| #include <ac_nonexistent.h>
configure:4503: checking for mv
configure:4521: found /bin/mv
configure:4534: result: /bin/mv
configure:4544: checking for tar
configure:4562: found /bin/tar
configure:4575: result: /bin/tar
configure:4585: checking for perl
configure:4603: found /usr/bin/perl
configure:4616: result: /usr/bin/perl
configure:4626: checking for wget
configure:4644: found /usr/bin/wget
configure:4657: result: /usr/bin/wget
configure:4667: checking for xmllint
configure:4685: found /usr/bin/xmllint
configure:4698: result: /usr/bin/xmllint
configure:4708: checking for xsltproc
configure:4739: result: /usr/bin/xsltproc
configure:4801: checking for pkg-config
configure:4819: found /usr/bin/pkg-config
configure:4831: result: /usr/bin/pkg-config
configure:4856: checking pkg-config is at least version 0.9.0
configure:4859: result: yes
configure:4914: checking how to print strings
configure:4941: result: printf
configure:4962: checking for a sed that does not truncate output
configure:5026: result: /bin/sed
configure:5044: checking for grep that handles long lines and -e
configure:5102: result: /bin/grep
configure:5107: checking for egrep
configure:5169: result: /bin/grep -E
configure:5174: checking for fgrep
configure:5236: result: /bin/grep -F
configure:5271: checking for ld used by wllvm
configure:5338: result: /usr/bin/ld
configure:5345: checking if the linker (/usr/bin/ld) is GNU ld
configure:5360: result: yes
configure:5372: checking for BSD- or MS-compatible name lister (nm)
configure:5426: result: /usr/bin/nm -B
configure:5556: checking the name lister (/usr/bin/nm -B) interface
configure:5563: wllvm -c -g -fno-omit-frame-pointer -fcommon -Wno-error  conftest.c >&5
configure:5566: /usr/bin/nm -B "conftest.o"
configure:5569: output
0000000000000000 B some_variable
configure:5576: result: BSD nm
configure:5580: checking the maximum length of command line arguments
configure:5711: result: 1572864
configure:5759: checking how to convert x86_64-pc-linux-gnu file names to x86_64-pc-linux-gnu format
configure:5799: result: func_convert_file_noop
configure:5806: checking how to convert x86_64-pc-linux-gnu file names to toolchain format
configure:5826: result: func_convert_file_noop
configure:5833: checking for /usr/bin/ld option to reload object files
configure:5840: result: -r
configure:5914: checking for objdump
configure:5930: found /usr/bin/objdump
configure:5941: result: objdump
configure:5973: checking how to recognize dependent libraries
configure:6173: result: pass_all
configure:6258: checking for dlltool
configure:6288: result: no
configure:6318: checking how to associate runtime and link libraries
configure:6345: result: printf %s\n
configure:6406: checking for ar
configure:6422: found /usr/bin/ar
configure:6433: result: ar
configure:6470: checking for archiver @FILE support
configure:6487: wllvm -c -g -fno-omit-frame-pointer -fcommon -Wno-error  conftest.c >&5
configure:6487: $? = 0
configure:6490: ar cru libconftest.a @conftest.lst >&5
ar: `u' modifier ignored since `D' is the default (see `U')
configure:6493: $? = 0
configure:6498: ar cru libconftest.a @conftest.lst >&5
ar: `u' modifier ignored since `D' is the default (see `U')
ar: conftest.o: No such file or directory
configure:6501: $? = 1
configure:6513: result: @
configure:6571: checking for strip
configure:6587: found /usr/bin/strip
configure:6598: result: strip
configure:6670: checking for ranlib
configure:6686: found /usr/bin/ranlib
configure:6697: result: ranlib
configure:6799: checking command to parse /usr/bin/nm -B output from wllvm object
configure:6952: wllvm -c -g -fno-omit-frame-pointer -fcommon -Wno-error  conftest.c >&5
configure:6955: $? = 0
configure:6959: /usr/bin/nm -B conftest.o \| sed -n -e 's/^.*[ ]\([ABCDGIRSTW][ABCDGIRSTW]*\)[ ][ ]*\([_A-Za-z][_A-Za-z0-9]*\)$/\1 \2 \2/p' | sed '/ __gnu_lto/d' \> conftest.nm
configure:6962: $? = 0
configure:7028: wllvm -o conftest -g -fno-omit-frame-pointer -fcommon -Wno-error   conftest.c conftstm.o >&5
configure:7031: $? = 0
configure:7069: result: ok
configure:7116: checking for sysroot
configure:7146: result: no
configure:7153: checking for a working dd
configure:7191: result: /bin/dd
configure:7195: checking how to truncate binary pipes
configure:7210: result: /bin/dd bs=4096 count=1
configure:7346: wllvm -c -g -fno-omit-frame-pointer -fcommon -Wno-error  conftest.c >&5
configure:7349: $? = 0
configure:7539: checking for mt
configure:7555: found /bin/mt
configure:7566: result: mt
configure:7589: checking if mt is a manifest tool
configure:7595: mt '-?'
configure:7603: result: no
configure:8276: checking for ANSI C header files
configure:8296: wllvm -c -g -fno-omit-frame-pointer -fcommon -Wno-error  conftest.c >&5
configure:8296: $? = 0
configure:8369: wllvm -o conftest -g -fno-omit-frame-pointer -fcommon -Wno-error   conftest.c  >&5
configure:8369: $? = 0
configure:8369: ./conftest
configure:8369: $? = 0
configure:8380: result: yes
configure:8393: checking for sys/types.h
configure:8393: wllvm -c -g -fno-omit-frame-pointer -fcommon -Wno-error  conftest.c >&5
configure:8393: $? = 0
configure:8393: result: yes
configure:8393: checking for sys/stat.h
configure:8393: wllvm -c -g -fno-omit-frame-pointer -fcommon -Wno-error  conftest.c >&5
configure:8393: $? = 0
configure:8393: result: yes
configure:8393: checking for stdlib.h
configure:8393: wllvm -c -g -fno-omit-frame-pointer -fcommon -Wno-error  conftest.c >&5
configure:8393: $? = 0
configure:8393: result: yes
configure:8393: checking for string.h
configure:8393: wllvm -c -g -fno-omit-frame-pointer -fcommon -Wno-error  conftest.c >&5
configure:8393: $? = 0
configure:8393: result: yes
configure:8393: checking for memory.h
configure:8393: wllvm -c -g -fno-omit-frame-pointer -fcommon -Wno-error  conftest.c >&5
configure:8393: $? = 0
configure:8393: result: yes
configure:8393: checking for strings.h
configure:8393: wllvm -c -g -fno-omit-frame-pointer -fcommon -Wno-error  conftest.c >&5
configure:8393: $? = 0
configure:8393: result: yes
configure:8393: checking for inttypes.h
configure:8393: wllvm -c -g -fno-omit-frame-pointer -fcommon -Wno-error  conftest.c >&5
configure:8393: $? = 0
configure:8393: result: yes
configure:8393: checking for stdint.h
configure:8393: wllvm -c -g -fno-omit-frame-pointer -fcommon -Wno-error  conftest.c >&5
configure:8393: $? = 0
configure:8393: result: yes
configure:8393: checking for unistd.h
configure:8393: wllvm -c -g -fno-omit-frame-pointer -fcommon -Wno-error  conftest.c >&5
configure:8393: $? = 0
configure:8393: result: yes
configure:8407: checking for dlfcn.h
configure:8407: wllvm -c -g -fno-omit-frame-pointer -fcommon -Wno-error  conftest.c >&5
configure:8407: $? = 0
configure:8407: result: yes
configure:8663: checking for objdir
configure:8678: result: .libs
configure:8942: checking if wllvm supports -fno-rtti -fno-exceptions
configure:8960: wllvm -c -g -fno-omit-frame-pointer -fcommon -Wno-error  -fno-rtti -fno-exceptions conftest.c >&5
configure:8964: $? = 0
configure:8977: result: yes
configure:9335: checking for wllvm option to produce PIC
configure:9342: result: -fPIC -DPIC
configure:9350: checking if wllvm PIC flag -fPIC -DPIC works
configure:9368: wllvm -c -g -fno-omit-frame-pointer -fcommon -Wno-error  -fPIC -DPIC -DPIC conftest.c >&5
configure:9372: $? = 0
configure:9385: result: yes
configure:9414: checking if wllvm static flag -static works
configure:9442: result: yes
configure:9457: checking if wllvm supports -c -o file.o
configure:9478: wllvm -c -g -fno-omit-frame-pointer -fcommon -Wno-error  -o out/conftest2.o conftest.c >&5
configure:9482: $? = 0
configure:9504: result: yes
configure:9512: checking if wllvm supports -c -o file.o
configure:9559: result: yes
configure:9592: checking whether the wllvm linker (/usr/bin/ld -m elf_x86_64) supports shared libraries
configure:10855: result: yes
configure:11095: checking dynamic linker characteristics
configure:11676: wllvm -o conftest -g -fno-omit-frame-pointer -fcommon -Wno-error   -Wl,-rpath -Wl,/foo conftest.c  >&5
configure:11676: $? = 0
configure:11925: result: GNU/Linux ld.so
configure:12047: checking how to hardcode library paths into programs
configure:12072: result: immediate
configure:12620: checking whether stripping libraries is possible
configure:12625: result: yes
configure:12660: checking if libtool supports shared libraries
configure:12662: result: yes
configure:12665: checking whether to build shared libraries
configure:12690: result: no
configure:12693: checking whether to build static libraries
configure:12697: result: yes
configure:13219: checking for Z
configure:13226: $PKG_CONFIG --exists --print-errors "zlib"
configure:13229: $? = 0
configure:13243: $PKG_CONFIG --exists --print-errors "zlib"
configure:13246: $? = 0
configure:13284: result: yes
configure:13374: checking for LZMA
configure:13381: $PKG_CONFIG --exists --print-errors "liblzma"
configure:13384: $? = 0
configure:13398: $PKG_CONFIG --exists --print-errors "liblzma"
configure:13401: $? = 0
configure:13439: result: yes
configure:13523: checking for dirent.h that defines DIR
configure:13542: wllvm -c -g -fno-omit-frame-pointer -fcommon -Wno-error  conftest.c >&5
configure:13542: $? = 0
configure:13550: result: yes
configure:13563: checking for library containing opendir
configure:13594: wllvm -o conftest -g -fno-omit-frame-pointer -fcommon -Wno-error   conftest.c  >&5
configure:13594: $? = 0
configure:13611: result: none required
configure:13678: checking for ANSI C header files
configure:13782: result: yes
configure:13792: checking fcntl.h usability
configure:13792: wllvm -c -g -fno-omit-frame-pointer -fcommon -Wno-error  conftest.c >&5
configure:13792: $? = 0
configure:13792: result: yes
configure:13792: checking fcntl.h presence
configure:13792: wllvm -E  conftest.c
configure:13792: $? = 0
configure:13792: result: yes
configure:13792: checking for fcntl.h
configure:13792: result: yes
configure:13804: checking for unistd.h
configure:13804: result: yes
configure:13816: checking ctype.h usability
configure:13816: wllvm -c -g -fno-omit-frame-pointer -fcommon -Wno-error  conftest.c >&5
configure:13816: $? = 0
configure:13816: result: yes
configure:13816: checking ctype.h presence
configure:13816: wllvm -E  conftest.c
configure:13816: $? = 0
configure:13816: result: yes
configure:13816: checking for ctype.h
configure:13816: result: yes
configure:13828: checking dirent.h usability
configure:13828: wllvm -c -g -fno-omit-frame-pointer -fcommon -Wno-error  conftest.c >&5
configure:13828: $? = 0
configure:13828: result: yes
configure:13828: checking dirent.h presence
configure:13828: wllvm -E  conftest.c
configure:13828: $? = 0
configure:13828: result: yes
configure:13828: checking for dirent.h
configure:13828: result: yes
configure:13840: checking errno.h usability
configure:13840: wllvm -c -g -fno-omit-frame-pointer -fcommon -Wno-error  conftest.c >&5
configure:13840: $? = 0
configure:13840: result: yes
configure:13840: checking errno.h presence
configure:13840: wllvm -E  conftest.c
configure:13840: $? = 0
configure:13840: result: yes
configure:13840: checking for errno.h
configure:13840: result: yes
configure:13852: checking malloc.h usability
configure:13852: wllvm -c -g -fno-omit-frame-pointer -fcommon -Wno-error  conftest.c >&5
configure:13852: $? = 0
configure:13852: result: yes
configure:13852: checking malloc.h presence
configure:13852: wllvm -E  conftest.c
configure:13852: $? = 0
configure:13852: result: yes
configure:13852: checking for malloc.h
configure:13852: result: yes
configure:13864: checking stdarg.h usability
configure:13864: wllvm -c -g -fno-omit-frame-pointer -fcommon -Wno-error  conftest.c >&5
configure:13864: $? = 0
configure:13864: result: yes
configure:13864: checking stdarg.h presence
configure:13864: wllvm -E  conftest.c
configure:13864: $? = 0
configure:13864: result: yes
configure:13864: checking for stdarg.h
configure:13864: result: yes
configure:13876: checking for sys/stat.h
configure:13876: result: yes
configure:13888: checking for sys/types.h
configure:13888: result: yes
configure:13900: checking for stdint.h
configure:13900: result: yes
configure:13912: checking for inttypes.h
configure:13912: result: yes
configure:13924: checking time.h usability
configure:13924: wllvm -c -g -fno-omit-frame-pointer -fcommon -Wno-error  conftest.c >&5
configure:13924: $? = 0
configure:13924: result: yes
configure:13924: checking time.h presence
configure:13924: wllvm -E  conftest.c
configure:13924: $? = 0
configure:13924: result: yes
configure:13924: checking for time.h
configure:13924: result: yes
configure:13936: checking math.h usability
configure:13936: wllvm -c -g -fno-omit-frame-pointer -fcommon -Wno-error  conftest.c >&5
configure:13936: $? = 0
configure:13936: result: yes
configure:13936: checking math.h presence
configure:13936: wllvm -E  conftest.c
configure:13936: $? = 0
configure:13936: result: yes
configure:13936: checking for math.h
configure:13936: result: yes
configure:13948: checking limits.h usability
configure:13948: wllvm -c -g -fno-omit-frame-pointer -fcommon -Wno-error  conftest.c >&5
configure:13948: $? = 0
configure:13948: result: yes
configure:13948: checking limits.h presence
configure:13948: wllvm -E  conftest.c
configure:13948: $? = 0
configure:13948: result: yes
configure:13948: checking for limits.h
configure:13948: result: yes
configure:13960: checking float.h usability
configure:13960: wllvm -c -g -fno-omit-frame-pointer -fcommon -Wno-error  conftest.c >&5
configure:13960: $? = 0
configure:13960: result: yes
configure:13960: checking float.h presence
configure:13960: wllvm -E  conftest.c
configure:13960: $? = 0
configure:13960: result: yes
configure:13960: checking for float.h
configure:13960: result: yes
configure:13972: checking for stdlib.h
configure:13972: result: yes
configure:13984: checking for sys/socket.h
configure:13984: wllvm -c -g -fno-omit-frame-pointer -fcommon -Wno-error  conftest.c >&5
configure:13984: $? = 0
configure:13984: result: yes
configure:14000: checking for netinet/in.h
configure:14000: wllvm -c -g -fno-omit-frame-pointer -fcommon -Wno-error  conftest.c >&5
configure:14000: $? = 0
configure:14000: result: yes
configure:14016: checking for arpa/inet.h
configure:14016: wllvm -c -g -fno-omit-frame-pointer -fcommon -Wno-error  conftest.c >&5
configure:14016: $? = 0
configure:14016: result: yes
configure:14035: checking netdb.h usability
configure:14035: wllvm -c -g -fno-omit-frame-pointer -fcommon -Wno-error  conftest.c >&5
configure:14035: $? = 0
configure:14035: result: yes
configure:14035: checking netdb.h presence
configure:14035: wllvm -E  conftest.c
configure:14035: $? = 0
configure:14035: result: yes
configure:14035: checking for netdb.h
configure:14035: result: yes
configure:14047: checking sys/time.h usability
configure:14047: wllvm -c -g -fno-omit-frame-pointer -fcommon -Wno-error  conftest.c >&5
configure:14047: $? = 0
configure:14047: result: yes
configure:14047: checking sys/time.h presence
configure:14047: wllvm -E  conftest.c
configure:14047: $? = 0
configure:14047: result: yes
configure:14047: checking for sys/time.h
configure:14047: result: yes
configure:14059: checking sys/select.h usability
configure:14059: wllvm -c -g -fno-omit-frame-pointer -fcommon -Wno-error  conftest.c >&5
configure:14059: $? = 0
configure:14059: result: yes
configure:14059: checking sys/select.h presence
configure:14059: wllvm -E  conftest.c
configure:14059: $? = 0
configure:14059: result: yes
configure:14059: checking for sys/select.h
configure:14059: result: yes
configure:14071: checking poll.h usability
configure:14071: wllvm -c -g -fno-omit-frame-pointer -fcommon -Wno-error  conftest.c >&5
configure:14071: $? = 0
configure:14071: result: yes
configure:14071: checking poll.h presence
configure:14071: wllvm -E  conftest.c
configure:14071: $? = 0
configure:14071: result: yes
configure:14071: checking for poll.h
configure:14071: result: yes
configure:14083: checking sys/mman.h usability
configure:14083: wllvm -c -g -fno-omit-frame-pointer -fcommon -Wno-error  conftest.c >&5
configure:14083: $? = 0
configure:14083: result: yes
configure:14083: checking sys/mman.h presence
configure:14083: wllvm -E  conftest.c
configure:14083: $? = 0
configure:14083: result: yes
configure:14083: checking for sys/mman.h
configure:14083: result: yes
configure:14095: checking sys/timeb.h usability
configure:14095: wllvm -c -g -fno-omit-frame-pointer -fcommon -Wno-error  conftest.c >&5
configure:14095: $? = 0
configure:14095: result: yes
configure:14095: checking sys/timeb.h presence
configure:14095: wllvm -E  conftest.c
configure:14095: $? = 0
configure:14095: result: yes
configure:14095: checking for sys/timeb.h
configure:14095: result: yes
configure:14107: checking signal.h usability
configure:14107: wllvm -c -g -fno-omit-frame-pointer -fcommon -Wno-error  conftest.c >&5
configure:14107: $? = 0
configure:14107: result: yes
configure:14107: checking signal.h presence
configure:14107: wllvm -E  conftest.c
configure:14107: $? = 0
configure:14107: result: yes
configure:14107: checking for signal.h
configure:14107: result: yes
configure:14119: checking for arpa/nameser.h
configure:14119: wllvm -c -g -fno-omit-frame-pointer -fcommon -Wno-error  conftest.c >&5
configure:14119: $? = 0
configure:14119: result: yes
configure:14135: checking for resolv.h
configure:14135: wllvm -c -g -fno-omit-frame-pointer -fcommon -Wno-error  conftest.c >&5
configure:14135: $? = 0
configure:14135: result: yes
configure:14157: checking dl.h usability
configure:14157: wllvm -c -g -fno-omit-frame-pointer -fcommon -Wno-error  conftest.c >&5
conftest.c:86:10: fatal error: 'dl.h' file not found
#include <dl.h>
         ^~~~~~
1 error generated.
ERROR:Failed to compile using given arguments: [-c -g -fno-omit-frame-pointer -fcommon -Wno-error conftest.c]
configure:14157: $? = 1
configure: failed program was:
| /* confdefs.h */
| #define PACKAGE_NAME "libxml2"
| #define PACKAGE_TARNAME "libxml2"
| #define PACKAGE_VERSION "2.9.12"
| #define PACKAGE_STRING "libxml2 2.9.12"
| #define PACKAGE_BUGREPORT ""
| #define PACKAGE_URL ""
| #define PACKAGE "libxml2"
| #define VERSION "2.9.12"
| #define STDC_HEADERS 1
| #define HAVE_SYS_TYPES_H 1
| #define HAVE_SYS_STAT_H 1
| #define HAVE_STDLIB_H 1
| #define HAVE_STRING_H 1
| #define HAVE_MEMORY_H 1
| #define HAVE_STRINGS_H 1
| #define HAVE_INTTYPES_H 1
| #define HAVE_STDINT_H 1
| #define HAVE_UNISTD_H 1
| #define HAVE_DLFCN_H 1
| #define LT_OBJDIR ".libs/"
| #define HAVE_DIRENT_H 1
| #define STDC_HEADERS 1
| #define HAVE_FCNTL_H 1
| #define HAVE_UNISTD_H 1
| #define HAVE_CTYPE_H 1
| #define HAVE_DIRENT_H 1
| #define HAVE_ERRNO_H 1
| #define HAVE_MALLOC_H 1
| #define HAVE_STDARG_H 1
| #define HAVE_SYS_STAT_H 1
| #define HAVE_SYS_TYPES_H 1
| #define HAVE_STDINT_H 1
| #define HAVE_INTTYPES_H 1
| #define HAVE_TIME_H 1
| #define HAVE_MATH_H 1
| #define HAVE_LIMITS_H 1
| #define HAVE_FLOAT_H 1
| #define HAVE_STDLIB_H 1
| #define HAVE_SYS_SOCKET_H 1
| #define HAVE_NETINET_IN_H 1
| #define HAVE_ARPA_INET_H 1
| #define HAVE_NETDB_H 1
| #define HAVE_SYS_TIME_H 1
| #define HAVE_SYS_SELECT_H 1
| #define HAVE_POLL_H 1
| #define HAVE_SYS_MMAN_H 1
| #define HAVE_SYS_TIMEB_H 1
| #define HAVE_SIGNAL_H 1
| #define HAVE_ARPA_NAMESER_H 1
| #define HAVE_RESOLV_H 1
| /* end confdefs.h.  */
| #include <stdio.h>
| #ifdef HAVE_SYS_TYPES_H
| # include <sys/types.h>
| #endif
| #ifdef HAVE_SYS_STAT_H
| # include <sys/stat.h>
| #endif
| #ifdef STDC_HEADERS
| # include <stdlib.h>
| # include <stddef.h>
| #else
| # ifdef HAVE_STDLIB_H
| #  include <stdlib.h>
| # endif
| #endif
| #ifdef HAVE_STRING_H
| # if !defined STDC_HEADERS && defined HAVE_MEMORY_H
| #  include <memory.h>
| # endif
| # include <string.h>
| #endif
| #ifdef HAVE_STRINGS_H
| # include <strings.h>
| #endif
| #ifdef HAVE_INTTYPES_H
| # include <inttypes.h>
| #endif
| #ifdef HAVE_STDINT_H
| # include <stdint.h>
| #endif
| #ifdef HAVE_UNISTD_H
| # include <unistd.h>
| #endif
| #include <dl.h>
configure:14157: result: no
configure:14157: checking dl.h presence
configure:14157: wllvm -E  conftest.c
conftest.c:53:10: fatal error: 'dl.h' file not found
#include <dl.h>
         ^~~~~~
1 error generated.
ERROR:Failed to compile using given arguments: [-E conftest.c]
configure:14157: $? = 1
configure: failed program was:
| /* confdefs.h */
| #define PACKAGE_NAME "libxml2"
| #define PACKAGE_TARNAME "libxml2"
| #define PACKAGE_VERSION "2.9.12"
| #define PACKAGE_STRING "libxml2 2.9.12"
| #define PACKAGE_BUGREPORT ""
| #define PACKAGE_URL ""
| #define PACKAGE "libxml2"
| #define VERSION "2.9.12"
| #define STDC_HEADERS 1
| #define HAVE_SYS_TYPES_H 1
| #define HAVE_SYS_STAT_H 1
| #define HAVE_STDLIB_H 1
| #define HAVE_STRING_H 1
| #define HAVE_MEMORY_H 1
| #define HAVE_STRINGS_H 1
| #define HAVE_INTTYPES_H 1
| #define HAVE_STDINT_H 1
| #define HAVE_UNISTD_H 1
| #define HAVE_DLFCN_H 1
| #define LT_OBJDIR ".libs/"
| #define HAVE_DIRENT_H 1
| #define STDC_HEADERS 1
| #define HAVE_FCNTL_H 1
| #define HAVE_UNISTD_H 1
| #define HAVE_CTYPE_H 1
| #define HAVE_DIRENT_H 1
| #define HAVE_ERRNO_H 1
| #define HAVE_MALLOC_H 1
| #define HAVE_STDARG_H 1
| #define HAVE_SYS_STAT_H 1
| #define HAVE_SYS_TYPES_H 1
| #define HAVE_STDINT_H 1
| #define HAVE_INTTYPES_H 1
| #define HAVE_TIME_H 1
| #define HAVE_MATH_H 1
| #define HAVE_LIMITS_H 1
| #define HAVE_FLOAT_H 1
| #define HAVE_STDLIB_H 1
| #define HAVE_SYS_SOCKET_H 1
| #define HAVE_NETINET_IN_H 1
| #define HAVE_ARPA_INET_H 1
| #define HAVE_NETDB_H 1
| #define HAVE_SYS_TIME_H 1
| #define HAVE_SYS_SELECT_H 1
| #define HAVE_POLL_H 1
| #define HAVE_SYS_MMAN_H 1
| #define HAVE_SYS_TIMEB_H 1
| #define HAVE_SIGNAL_H 1
| #define HAVE_ARPA_NAMESER_H 1
| #define HAVE_RESOLV_H 1
| /* end confdefs.h.  */
| #include <dl.h>
configure:14157: result: no
configure:14157: checking for dl.h
configure:14157: result: no
configure:14169: checking for dlfcn.h
configure:14169: result: yes
configure:14183: checking for uint32_t
configure:14183: wllvm -c -g -fno-omit-frame-pointer -fcommon -Wno-error  conftest.c >&5
configure:14183: $? = 0
configure:14183: result: yes
configure:14203: checking for strftime
configure:14203: wllvm -o conftest -g -fno-omit-frame-pointer -fcommon -Wno-error   conftest.c  >&5
configure:14203: $? = 0
configure:14203: result: yes
configure:14259: checking for strftime
configure:14259: result: yes
configure:14259: checking for localtime
configure:14259: wllvm -o conftest -g -fno-omit-frame-pointer -fcommon -Wno-error   conftest.c  >&5
configure:14259: $? = 0
configure:14259: result: yes
configure:14259: checking for gettimeofday
configure:14259: wllvm -o conftest -g -fno-omit-frame-pointer -fcommon -Wno-error   conftest.c  >&5
configure:14259: $? = 0
configure:14259: result: yes
configure:14259: checking for ftime
configure:14259: wllvm -o conftest -g -fno-omit-frame-pointer -fcommon -Wno-error   conftest.c  >&5
configure:14259: $? = 0
configure:14259: result: yes
configure:14271: checking for stat
configure:14271: wllvm -o conftest -g -fno-omit-frame-pointer -fcommon -Wno-error   conftest.c  >&5
configure:14271: $? = 0
configure:14271: result: yes
configure:14271: checking for signal
configure:14271: wllvm -o conftest -g -fno-omit-frame-pointer -fcommon -Wno-error   conftest.c  >&5
configure:14271: $? = 0
configure:14271: result: yes
configure:14283: checking for rand
configure:14283: wllvm -o conftest -g -fno-omit-frame-pointer -fcommon -Wno-error   conftest.c  >&5
configure:14283: $? = 0
configure:14283: result: yes
configure:14283: checking for rand_r
configure:14283: wllvm -o conftest -g -fno-omit-frame-pointer -fcommon -Wno-error   conftest.c  >&5
configure:14283: $? = 0
configure:14283: result: yes
configure:14283: checking for srand
configure:14283: wllvm -o conftest -g -fno-omit-frame-pointer -fcommon -Wno-error   conftest.c  >&5
configure:14283: $? = 0
configure:14283: result: yes
configure:14283: checking for time
configure:14283: wllvm -o conftest -g -fno-omit-frame-pointer -fcommon -Wno-error   conftest.c  >&5
configure:14283: $? = 0
configure:14283: result: yes
configure:14295: checking for isascii
configure:14295: wllvm -o conftest -g -fno-omit-frame-pointer -fcommon -Wno-error   conftest.c  >&5
configure:14295: $? = 0
configure:14295: result: yes
configure:14295: checking for mmap
configure:14295: wllvm -o conftest -g -fno-omit-frame-pointer -fcommon -Wno-error   conftest.c  >&5
configure:14295: $? = 0
configure:14295: result: yes
configure:14295: checking for munmap
configure:14295: wllvm -o conftest -g -fno-omit-frame-pointer -fcommon -Wno-error   conftest.c  >&5
configure:14295: $? = 0
configure:14295: result: yes
configure:14295: checking for putenv
configure:14295: wllvm -o conftest -g -fno-omit-frame-pointer -fcommon -Wno-error   conftest.c  >&5
configure:14295: $? = 0
configure:14295: result: yes
configure:14307: checking for va_copy
configure:14321: wllvm -o conftest -g -fno-omit-frame-pointer -fcommon -Wno-error   conftest.c  >&5
configure:14321: $? = 0
configure:14328: result: yes
configure:14365: checking whether va_list is an array type
configure:14378: wllvm -c -g -fno-omit-frame-pointer -fcommon -Wno-error  conftest.c >&5
configure:14374:34: error: used type 'va_list' (aka '__builtin_va_list') where arithmetic or pointer type is required
va_list ap1, ap2; a(&ap1); ap2 = (va_list) ap1
                                 ^         ~~~
1 error generated.
ERROR:Failed to compile using given arguments: [-c -g -fno-omit-frame-pointer -fcommon -Wno-error conftest.c]
configure: failed program was:
#line 14368 "configure"
#include "confdefs.h"

#include <stdarg.h>
void a(va_list * ap) {}
int main(void) {

va_list ap1, ap2; a(&ap1); ap2 = (va_list) ap1
; return 0; }
configure:14388: result: yes
configure:14396: checking for library containing gethostent
configure:14427: wllvm -o conftest -g -fno-omit-frame-pointer -fcommon -Wno-error   conftest.c  >&5
configure:14427: $? = 0
configure:14444: result: none required
configure:14452: checking for library containing setsockopt
configure:14483: wllvm -o conftest -g -fno-omit-frame-pointer -fcommon -Wno-error   conftest.c  >&5
configure:14483: $? = 0
configure:14500: result: none required
configure:14508: checking for library containing connect
configure:14539: wllvm -o conftest -g -fno-omit-frame-pointer -fcommon -Wno-error   conftest.c  >&5
configure:14539: $? = 0
configure:14556: result: none required
configure:14565: checking for type of socket length (socklen_t)
configure:14579: wllvm -c -g -fno-omit-frame-pointer -fcommon -Wno-error  conftest.c >&5
configure:14582: result: socklen_t *
configure:14651: checking for const gethostbyname() argument
configure:14664: wllvm -o conftest -g -fno-omit-frame-pointer -fcommon -Wno-error   conftest.c  >&5
configure:14664: $? = 0
configure:14671: result: yes
configure:14683: checking for const send() second argument
configure:14697: wllvm -o conftest -g -fno-omit-frame-pointer -fcommon -Wno-error   conftest.c  >&5
configure:14697: $? = 0
configure:14704: result: yes
configure:14716: checking whether __attribute__((destructor)) is accepted
configure:14728: wllvm -c -g -fno-omit-frame-pointer -fcommon -Wno-error  conftest.c >&5
configure:14731: result: yes
configure:14751: checking whether to enable IPv6
configure:14783: wllvm -c -g -fno-omit-frame-pointer -fcommon -Wno-error  conftest.c >&5
configure:14783: $? = 0
configure:14790: result: yes
configure:14799: checking struct sockaddr::ss_family
configure:14818: wllvm -c -g -fno-omit-frame-pointer -fcommon -Wno-error  conftest.c >&5
configure:14818: $? = 0
configure:14825: result: yes
configure:14870: checking for getaddrinfo
configure:14870: wllvm -o conftest -g -fno-omit-frame-pointer -fcommon -Wno-error   conftest.c  >&5
configure:14870: $? = 0
configure:14870: result: yes
configure:14931: checking for isnan
configure:14931: wllvm -o conftest -g -fno-omit-frame-pointer -fcommon -Wno-error   conftest.c  >&5
configure:14931: $? = 0
configure:14931: result: yes
configure:14982: checking for isinf
configure:14982: wllvm -o conftest -g -fno-omit-frame-pointer -fcommon -Wno-error   conftest.c  >&5
configure:14982: $? = 0
configure:14982: result: yes
configure:15299: checking for shl_load
configure:15299: wllvm -o conftest -g -fno-omit-frame-pointer -fcommon -Wno-error   conftest.c  >&5
/tmp/conftest-ad5161.o: In function `main':
/Beacon/beacon_fuzzing/libxml2/conftest.c:114: undefined reference to `shl_load'
clang-4.0: error: linker command failed with exit code 1 (use -v to see invocation)
ERROR:Failed to compile using given arguments: [-o conftest -g -fno-omit-frame-pointer -fcommon -Wno-error conftest.c]
configure:15299: $? = 1
configure: failed program was:
| /* confdefs.h */
| #define PACKAGE_NAME "libxml2"
| #define PACKAGE_TARNAME "libxml2"
| #define PACKAGE_VERSION "2.9.12"
| #define PACKAGE_STRING "libxml2 2.9.12"
| #define PACKAGE_BUGREPORT ""
| #define PACKAGE_URL ""
| #define PACKAGE "libxml2"
| #define VERSION "2.9.12"
| #define STDC_HEADERS 1
| #define HAVE_SYS_TYPES_H 1
| #define HAVE_SYS_STAT_H 1
| #define HAVE_STDLIB_H 1
| #define HAVE_STRING_H 1
| #define HAVE_MEMORY_H 1
| #define HAVE_STRINGS_H 1
| #define HAVE_INTTYPES_H 1
| #define HAVE_STDINT_H 1
| #define HAVE_UNISTD_H 1
| #define HAVE_DLFCN_H 1
| #define LT_OBJDIR ".libs/"
| #define HAVE_DIRENT_H 1
| #define STDC_HEADERS 1
| #define HAVE_FCNTL_H 1
| #define HAVE_UNISTD_H 1
| #define HAVE_CTYPE_H 1
| #define HAVE_DIRENT_H 1
| #define HAVE_ERRNO_H 1
| #define HAVE_MALLOC_H 1
| #define HAVE_STDARG_H 1
| #define HAVE_SYS_STAT_H 1
| #define HAVE_SYS_TYPES_H 1
| #define HAVE_STDINT_H 1
| #define HAVE_INTTYPES_H 1
| #define HAVE_TIME_H 1
| #define HAVE_MATH_H 1
| #define HAVE_LIMITS_H 1
| #define HAVE_FLOAT_H 1
| #define HAVE_STDLIB_H 1
| #define HAVE_SYS_SOCKET_H 1
| #define HAVE_NETINET_IN_H 1
| #define HAVE_ARPA_INET_H 1
| #define HAVE_NETDB_H 1
| #define HAVE_SYS_TIME_H 1
| #define HAVE_SYS_SELECT_H 1
| #define HAVE_POLL_H 1
| #define HAVE_SYS_MMAN_H 1
| #define HAVE_SYS_TIMEB_H 1
| #define HAVE_SIGNAL_H 1
| #define HAVE_ARPA_NAMESER_H 1
| #define HAVE_RESOLV_H 1
| #define HAVE_DLFCN_H 1
| #define HAVE_STRFTIME 1
| #define HAVE_STRFTIME 1
| #define HAVE_LOCALTIME 1
| #define HAVE_GETTIMEOFDAY 1
| #define HAVE_FTIME 1
| #define HAVE_STAT 1
| #define HAVE_SIGNAL 1
| #define HAVE_RAND 1
| #define HAVE_RAND_R 1
| #define HAVE_SRAND 1
| #define HAVE_TIME 1
| #define HAVE_ISASCII 1
| #define HAVE_MMAP 1
| #define HAVE_MUNMAP 1
| #define HAVE_PUTENV 1
| #define HAVE_VA_COPY 1
| #define VA_LIST_IS_ARRAY 1
| #define XML_SOCKLEN_T socklen_t
| #define GETHOSTBYNAME_ARG_CAST /**/
| #define SEND_ARG2_CAST /**/
| #define HAVE_ATTRIBUTE_DESTRUCTOR 1
| #define ATTRIBUTE_DESTRUCTOR __attribute__((destructor))
| #define SUPPORT_IP6 /**/
| #define HAVE_GETADDRINFO /**/
| #define HAVE_ISNAN /**/
| #define HAVE_ISINF /**/
| /* end confdefs.h.  */
| /* Define shl_load to an innocuous variant, in case <limits.h> declares shl_load.
|    For example, HP-UX 11i <limits.h> declares gettimeofday.  */
| #define shl_load innocuous_shl_load
| 
| /* System header to define __stub macros and hopefully few prototypes,
|     which can conflict with char shl_load (); below.
|     Prefer <limits.h> to <assert.h> if __STDC__ is defined, since
|     <limits.h> exists even on freestanding compilers.  */
| 
| #ifdef __STDC__
| # include <limits.h>
| #else
| # include <assert.h>
| #endif
| 
| #undef shl_load
| 
| /* Override any GCC internal prototype to avoid an error.
|    Use char because int might match the return type of a GCC
|    builtin and then its argument prototype would still apply.  */
| #ifdef __cplusplus
| extern "C"
| #endif
| char shl_load ();
| /* The GNU C library defines this for functions which it implements
|     to always fail with ENOSYS.  Some functions are actually named
|     something starting with __ and the normal name is an alias.  */
| #if defined __stub_shl_load || defined __stub___shl_load
| choke me
| #endif
| 
| int
| main ()
| {
| return shl_load ();
|   ;
|   return 0;
| }
configure:15299: result: no
configure:15304: checking for shl_load in -ldld
configure:15329: wllvm -o conftest -g -fno-omit-frame-pointer -fcommon -Wno-error   conftest.c -ldld   >&5
/usr/bin/ld: cannot find -ldld
clang-4.0: error: linker command failed with exit code 1 (use -v to see invocation)
ERROR:Failed to compile using given arguments: [-o conftest -g -fno-omit-frame-pointer -fcommon -Wno-error conftest.c -ldld]
configure:15329: $? = 1
configure: failed program was:
| /* confdefs.h */
| #define PACKAGE_NAME "libxml2"
| #define PACKAGE_TARNAME "libxml2"
| #define PACKAGE_VERSION "2.9.12"
| #define PACKAGE_STRING "libxml2 2.9.12"
| #define PACKAGE_BUGREPORT ""
| #define PACKAGE_URL ""
| #define PACKAGE "libxml2"
| #define VERSION "2.9.12"
| #define STDC_HEADERS 1
| #define HAVE_SYS_TYPES_H 1
| #define HAVE_SYS_STAT_H 1
| #define HAVE_STDLIB_H 1
| #define HAVE_STRING_H 1
| #define HAVE_MEMORY_H 1
| #define HAVE_STRINGS_H 1
| #define HAVE_INTTYPES_H 1
| #define HAVE_STDINT_H 1
| #define HAVE_UNISTD_H 1
| #define HAVE_DLFCN_H 1
| #define LT_OBJDIR ".libs/"
| #define HAVE_DIRENT_H 1
| #define STDC_HEADERS 1
| #define HAVE_FCNTL_H 1
| #define HAVE_UNISTD_H 1
| #define HAVE_CTYPE_H 1
| #define HAVE_DIRENT_H 1
| #define HAVE_ERRNO_H 1
| #define HAVE_MALLOC_H 1
| #define HAVE_STDARG_H 1
| #define HAVE_SYS_STAT_H 1
| #define HAVE_SYS_TYPES_H 1
| #define HAVE_STDINT_H 1
| #define HAVE_INTTYPES_H 1
| #define HAVE_TIME_H 1
| #define HAVE_MATH_H 1
| #define HAVE_LIMITS_H 1
| #define HAVE_FLOAT_H 1
| #define HAVE_STDLIB_H 1
| #define HAVE_SYS_SOCKET_H 1
| #define HAVE_NETINET_IN_H 1
| #define HAVE_ARPA_INET_H 1
| #define HAVE_NETDB_H 1
| #define HAVE_SYS_TIME_H 1
| #define HAVE_SYS_SELECT_H 1
| #define HAVE_POLL_H 1
| #define HAVE_SYS_MMAN_H 1
| #define HAVE_SYS_TIMEB_H 1
| #define HAVE_SIGNAL_H 1
| #define HAVE_ARPA_NAMESER_H 1
| #define HAVE_RESOLV_H 1
| #define HAVE_DLFCN_H 1
| #define HAVE_STRFTIME 1
| #define HAVE_STRFTIME 1
| #define HAVE_LOCALTIME 1
| #define HAVE_GETTIMEOFDAY 1
| #define HAVE_FTIME 1
| #define HAVE_STAT 1
| #define HAVE_SIGNAL 1
| #define HAVE_RAND 1
| #define HAVE_RAND_R 1
| #define HAVE_SRAND 1
| #define HAVE_TIME 1
| #define HAVE_ISASCII 1
| #define HAVE_MMAP 1
| #define HAVE_MUNMAP 1
| #define HAVE_PUTENV 1
| #define HAVE_VA_COPY 1
| #define VA_LIST_IS_ARRAY 1
| #define XML_SOCKLEN_T socklen_t
| #define GETHOSTBYNAME_ARG_CAST /**/
| #define SEND_ARG2_CAST /**/
| #define HAVE_ATTRIBUTE_DESTRUCTOR 1
| #define ATTRIBUTE_DESTRUCTOR __attribute__((destructor))
| #define SUPPORT_IP6 /**/
| #define HAVE_GETADDRINFO /**/
| #define HAVE_ISNAN /**/
| #define HAVE_ISINF /**/
| /* end confdefs.h.  */
| 
| /* Override any GCC internal prototype to avoid an error.
|    Use char because int might match the return type of a GCC
|    builtin and then its argument prototype would still apply.  */
| #ifdef __cplusplus
| extern "C"
| #endif
| char shl_load ();
| int
| main ()
| {
| return shl_load ();
|   ;
|   return 0;
| }
configure:15338: result: no
configure:15346: checking for dlopen
configure:15346: wllvm -o conftest -g -fno-omit-frame-pointer -fcommon -Wno-error   conftest.c  >&5
/tmp/conftest-7c3a36.o: In function `main':
/Beacon/beacon_fuzzing/libxml2/conftest.c:114: undefined reference to `dlopen'
clang-4.0: error: linker command failed with exit code 1 (use -v to see invocation)
ERROR:Failed to compile using given arguments: [-o conftest -g -fno-omit-frame-pointer -fcommon -Wno-error conftest.c]
configure:15346: $? = 1
configure: failed program was:
| /* confdefs.h */
| #define PACKAGE_NAME "libxml2"
| #define PACKAGE_TARNAME "libxml2"
| #define PACKAGE_VERSION "2.9.12"
| #define PACKAGE_STRING "libxml2 2.9.12"
| #define PACKAGE_BUGREPORT ""
| #define PACKAGE_URL ""
| #define PACKAGE "libxml2"
| #define VERSION "2.9.12"
| #define STDC_HEADERS 1
| #define HAVE_SYS_TYPES_H 1
| #define HAVE_SYS_STAT_H 1
| #define HAVE_STDLIB_H 1
| #define HAVE_STRING_H 1
| #define HAVE_MEMORY_H 1
| #define HAVE_STRINGS_H 1
| #define HAVE_INTTYPES_H 1
| #define HAVE_STDINT_H 1
| #define HAVE_UNISTD_H 1
| #define HAVE_DLFCN_H 1
| #define LT_OBJDIR ".libs/"
| #define HAVE_DIRENT_H 1
| #define STDC_HEADERS 1
| #define HAVE_FCNTL_H 1
| #define HAVE_UNISTD_H 1
| #define HAVE_CTYPE_H 1
| #define HAVE_DIRENT_H 1
| #define HAVE_ERRNO_H 1
| #define HAVE_MALLOC_H 1
| #define HAVE_STDARG_H 1
| #define HAVE_SYS_STAT_H 1
| #define HAVE_SYS_TYPES_H 1
| #define HAVE_STDINT_H 1
| #define HAVE_INTTYPES_H 1
| #define HAVE_TIME_H 1
| #define HAVE_MATH_H 1
| #define HAVE_LIMITS_H 1
| #define HAVE_FLOAT_H 1
| #define HAVE_STDLIB_H 1
| #define HAVE_SYS_SOCKET_H 1
| #define HAVE_NETINET_IN_H 1
| #define HAVE_ARPA_INET_H 1
| #define HAVE_NETDB_H 1
| #define HAVE_SYS_TIME_H 1
| #define HAVE_SYS_SELECT_H 1
| #define HAVE_POLL_H 1
| #define HAVE_SYS_MMAN_H 1
| #define HAVE_SYS_TIMEB_H 1
| #define HAVE_SIGNAL_H 1
| #define HAVE_ARPA_NAMESER_H 1
| #define HAVE_RESOLV_H 1
| #define HAVE_DLFCN_H 1
| #define HAVE_STRFTIME 1
| #define HAVE_STRFTIME 1
| #define HAVE_LOCALTIME 1
| #define HAVE_GETTIMEOFDAY 1
| #define HAVE_FTIME 1
| #define HAVE_STAT 1
| #define HAVE_SIGNAL 1
| #define HAVE_RAND 1
| #define HAVE_RAND_R 1
| #define HAVE_SRAND 1
| #define HAVE_TIME 1
| #define HAVE_ISASCII 1
| #define HAVE_MMAP 1
| #define HAVE_MUNMAP 1
| #define HAVE_PUTENV 1
| #define HAVE_VA_COPY 1
| #define VA_LIST_IS_ARRAY 1
| #define XML_SOCKLEN_T socklen_t
| #define GETHOSTBYNAME_ARG_CAST /**/
| #define SEND_ARG2_CAST /**/
| #define HAVE_ATTRIBUTE_DESTRUCTOR 1
| #define ATTRIBUTE_DESTRUCTOR __attribute__((destructor))
| #define SUPPORT_IP6 /**/
| #define HAVE_GETADDRINFO /**/
| #define HAVE_ISNAN /**/
| #define HAVE_ISINF /**/
| /* end confdefs.h.  */
| /* Define dlopen to an innocuous variant, in case <limits.h> declares dlopen.
|    For example, HP-UX 11i <limits.h> declares gettimeofday.  */
| #define dlopen innocuous_dlopen
| 
| /* System header to define __stub macros and hopefully few prototypes,
|     which can conflict with char dlopen (); below.
|     Prefer <limits.h> to <assert.h> if __STDC__ is defined, since
|     <limits.h> exists even on freestanding compilers.  */
| 
| #ifdef __STDC__
| # include <limits.h>
| #else
| # include <assert.h>
| #endif
| 
| #undef dlopen
| 
| /* Override any GCC internal prototype to avoid an error.
|    Use char because int might match the return type of a GCC
|    builtin and then its argument prototype would still apply.  */
| #ifdef __cplusplus
| extern "C"
| #endif
| char dlopen ();
| /* The GNU C library defines this for functions which it implements
|     to always fail with ENOSYS.  Some functions are actually named
|     something starting with __ and the normal name is an alias.  */
| #if defined __stub_dlopen || defined __stub___dlopen
| choke me
| #endif
| 
| int
| main ()
| {
| return dlopen ();
|   ;
|   return 0;
| }
configure:15346: result: no
configure:15351: checking for dlopen in -ldl
configure:15376: wllvm -o conftest -g -fno-omit-frame-pointer -fcommon -Wno-error   conftest.c -ldl   >&5
configure:15376: $? = 0
configure:15385: result: yes
configure:16050: checking iconv.h usability
configure:16050: wllvm -c -g -fno-omit-frame-pointer -fcommon -Wno-error  conftest.c >&5
configure:16050: $? = 0
configure:16050: result: yes
configure:16050: checking iconv.h presence
configure:16050: wllvm -E  conftest.c
configure:16050: $? = 0
configure:16050: result: yes
configure:16050: checking for iconv.h
configure:16050: result: yes
configure:16052: checking for iconv
configure:16068: wllvm -o conftest -g -fno-omit-frame-pointer -fcommon -Wno-error   conftest.c  >&5
configure:16068: $? = 0
configure:16070: result: yes
configure:16124: checking for iconv declaration
configure:16152: wllvm -c -g -fno-omit-frame-pointer -fcommon -Wno-error  conftest.c >&5
configure:16152: $? = 0
configure:16163: result: 
	extern size_t iconv (iconv_t cd,  char * *inbuf, size_t *inbytesleft, char * *outbuf, size_t *outbytesleft);
configure:16472: checking for printf
configure:16472: wllvm -o conftest -g -fno-omit-frame-pointer -fcommon -Wno-error   conftest.c  >&5
conftest.c:105:6: warning: incompatible redeclaration of library function 'printf' [-Wincompatible-library-redeclaration]
char printf ();
     ^
conftest.c:105:6: note: 'printf' is a builtin with type 'int (const char *, ...)'
1 warning generated.
conftest.c:105:6: warning: incompatible redeclaration of library function 'printf' [-Wincompatible-library-redeclaration]
char printf ();
     ^
conftest.c:105:6: note: 'printf' is a builtin with type 'int (const char *, ...)'
1 warning generated.
conftest.c:105:6: warning: incompatible redeclaration of library function 'printf' [-Wincompatible-library-redeclaration]
char printf ();
     ^
conftest.c:105:6: note: 'printf' is a builtin with type 'int (const char *, ...)'
1 warning generated.
configure:16472: $? = 0
configure:16472: result: yes
configure:16472: checking for sprintf
configure:16472: wllvm -o conftest -g -fno-omit-frame-pointer -fcommon -Wno-error   conftest.c  >&5
conftest.c:106:6: warning: incompatible redeclaration of library function 'sprintf' [-Wincompatible-library-redeclaration]
char sprintf ();
     ^
conftest.c:106:6: note: 'sprintf' is a builtin with type 'int (char *, const char *, ...)'
1 warning generated.
conftest.c:106:6: warning: incompatible redeclaration of library function 'sprintf' [-Wincompatible-library-redeclaration]
char sprintf ();
     ^
conftest.c:106:6: note: 'sprintf' is a builtin with type 'int (char *, const char *, ...)'
1 warning generated.
conftest.c:106:6: warning: incompatible redeclaration of library function 'sprintf' [-Wincompatible-library-redeclaration]
char sprintf ();
     ^
conftest.c:106:6: note: 'sprintf' is a builtin with type 'int (char *, const char *, ...)'
1 warning generated.
configure:16472: $? = 0
configure:16472: result: yes
configure:16472: checking for fprintf
configure:16472: wllvm -o conftest -g -fno-omit-frame-pointer -fcommon -Wno-error   conftest.c  >&5
conftest.c:107:6: warning: declaration of built-in function 'fprintf' requires inclusion of the header <stdio.h> [-Wbuiltin-requires-header]
char fprintf ();
     ^
conftest.c:118:17: warning: format string missing [-Wformat]
return fprintf ();
       ~~~~~~~  ^
2 warnings generated.
conftest.c:107:6: warning: declaration of built-in function 'fprintf' requires inclusion of the header <stdio.h> [-Wbuiltin-requires-header]
char fprintf ();
     ^
conftest.c:118:17: warning: format string missing [-Wformat]
return fprintf ();
       ~~~~~~~  ^
2 warnings generated.
conftest.c:107:6: warning: declaration of built-in function 'fprintf' requires inclusion of the header <stdio.h> [-Wbuiltin-requires-header]
char fprintf ();
     ^
conftest.c:118:17: warning: format string missing [-Wformat]
return fprintf ();
       ~~~~~~~  ^
2 warnings generated.
configure:16472: $? = 0
configure:16472: result: yes
configure:16472: checking for snprintf
configure:16472: wllvm -o conftest -g -fno-omit-frame-pointer -fcommon -Wno-error   conftest.c  >&5
conftest.c:108:6: warning: incompatible redeclaration of library function 'snprintf' [-Wincompatible-library-redeclaration]
char snprintf ();
     ^
conftest.c:108:6: note: 'snprintf' is a builtin with type 'int (char *, unsigned long, const char *, ...)'
1 warning generated.
conftest.c:108:6: warning: incompatible redeclaration of library function 'snprintf' [-Wincompatible-library-redeclaration]
char snprintf ();
     ^
conftest.c:108:6: note: 'snprintf' is a builtin with type 'int (char *, unsigned long, const char *, ...)'
1 warning generated.
conftest.c:108:6: warning: incompatible redeclaration of library function 'snprintf' [-Wincompatible-library-redeclaration]
char snprintf ();
     ^
conftest.c:108:6: note: 'snprintf' is a builtin with type 'int (char *, unsigned long, const char *, ...)'
1 warning generated.
configure:16472: $? = 0
configure:16472: result: yes
configure:16472: checking for vfprintf
configure:16472: wllvm -o conftest -g -fno-omit-frame-pointer -fcommon -Wno-error   conftest.c  >&5
conftest.c:109:6: warning: declaration of built-in function 'vfprintf' requires inclusion of the header <stdio.h> [-Wbuiltin-requires-header]
char vfprintf ();
     ^
conftest.c:120:18: warning: format string missing [-Wformat]
return vfprintf ();
       ~~~~~~~~  ^
2 warnings generated.
conftest.c:109:6: warning: declaration of built-in function 'vfprintf' requires inclusion of the header <stdio.h> [-Wbuiltin-requires-header]
char vfprintf ();
     ^
conftest.c:120:18: warning: format string missing [-Wformat]
return vfprintf ();
       ~~~~~~~~  ^
2 warnings generated.
conftest.c:109:6: warning: declaration of built-in function 'vfprintf' requires inclusion of the header <stdio.h> [-Wbuiltin-requires-header]
char vfprintf ();
     ^
conftest.c:120:18: warning: format string missing [-Wformat]
return vfprintf ();
       ~~~~~~~~  ^
2 warnings generated.
configure:16472: $? = 0
configure:16472: result: yes
configure:16472: checking for vsprintf
configure:16472: wllvm -o conftest -g -fno-omit-frame-pointer -fcommon -Wno-error   conftest.c  >&5
conftest.c:110:6: warning: incompatible redeclaration of library function 'vsprintf' [-Wincompatible-library-redeclaration]
char vsprintf ();
     ^
conftest.c:110:6: note: 'vsprintf' is a builtin with type 'int (char *, const char *, struct __va_list_tag *)'
1 warning generated.
conftest.c:110:6: warning: incompatible redeclaration of library function 'vsprintf' [-Wincompatible-library-redeclaration]
char vsprintf ();
     ^
conftest.c:110:6: note: 'vsprintf' is a builtin with type 'int (char *, const char *, struct __va_list_tag *)'
1 warning generated.
conftest.c:110:6: warning: incompatible redeclaration of library function 'vsprintf' [-Wincompatible-library-redeclaration]
char vsprintf ();
     ^
conftest.c:110:6: note: 'vsprintf' is a builtin with type 'int (char *, const char *, struct __va_list_tag *)'
1 warning generated.
configure:16472: $? = 0
configure:16472: result: yes
configure:16472: checking for vsnprintf
configure:16472: wllvm -o conftest -g -fno-omit-frame-pointer -fcommon -Wno-error   conftest.c  >&5
conftest.c:111:6: warning: incompatible redeclaration of library function 'vsnprintf' [-Wincompatible-library-redeclaration]
char vsnprintf ();
     ^
conftest.c:111:6: note: 'vsnprintf' is a builtin with type 'int (char *, unsigned long, const char *, struct __va_list_tag *)'
1 warning generated.
conftest.c:111:6: warning: incompatible redeclaration of library function 'vsnprintf' [-Wincompatible-library-redeclaration]
char vsnprintf ();
     ^
conftest.c:111:6: note: 'vsnprintf' is a builtin with type 'int (char *, unsigned long, const char *, struct __va_list_tag *)'
1 warning generated.
conftest.c:111:6: warning: incompatible redeclaration of library function 'vsnprintf' [-Wincompatible-library-redeclaration]
char vsnprintf ();
     ^
conftest.c:111:6: note: 'vsnprintf' is a builtin with type 'int (char *, unsigned long, const char *, struct __va_list_tag *)'
1 warning generated.
configure:16472: $? = 0
configure:16472: result: yes
configure:16472: checking for sscanf
configure:16472: wllvm -o conftest -g -fno-omit-frame-pointer -fcommon -Wno-error   conftest.c  >&5
conftest.c:112:6: warning: incompatible redeclaration of library function 'sscanf' [-Wincompatible-library-redeclaration]
char sscanf ();
     ^
conftest.c:112:6: note: 'sscanf' is a builtin with type 'int (const char *restrict, const char *restrict, ...)'
1 warning generated.
conftest.c:112:6: warning: incompatible redeclaration of library function 'sscanf' [-Wincompatible-library-redeclaration]
char sscanf ();
     ^
conftest.c:112:6: note: 'sscanf' is a builtin with type 'int (const char *restrict, const char *restrict, ...)'
1 warning generated.
conftest.c:112:6: warning: incompatible redeclaration of library function 'sscanf' [-Wincompatible-library-redeclaration]
char sscanf ();
     ^
conftest.c:112:6: note: 'sscanf' is a builtin with type 'int (const char *restrict, const char *restrict, ...)'
1 warning generated.
configure:16472: $? = 0
configure:16472: result: yes
configure:16643: checking that generated files are newer than configure
configure:16649: result: done
configure:16696: creating ./config.status

## ---------------------- ##
## Running config.status. ##
## ---------------------- ##

This file was extended by libxml2 config.status 2.9.12, which was
generated by GNU Autoconf 2.69.  Invocation command line was

  CONFIG_FILES    = 
  CONFIG_HEADERS  = 
  CONFIG_LINKS    = 
  CONFIG_COMMANDS = 
  $ ./config.status 

on 4bcb015ab1d7

config.status:1302: creating libxml2.spec
config.status:1302: creating Makefile
config.status:1302: creating include/Makefile
config.status:1302: creating include/libxml/Makefile
config.status:1302: creating doc/Makefile
config.status:1302: creating doc/examples/Makefile
config.status:1302: creating doc/devhelp/Makefile
config.status:1302: creating example/Makefile
config.status:1302: creating fuzz/Makefile
config.status:1302: creating python/Makefile
config.status:1302: creating python/tests/Makefile
config.status:1302: creating xstc/Makefile
config.status:1302: creating include/libxml/xmlversion.h
config.status:1302: creating libxml-2.0.pc
config.status:1302: creating libxml-2.0-uninstalled.pc
config.status:1302: creating libxml2-config.cmake
config.status:1302: creating python/setup.py
config.status:1302: creating xml2-config
config.status:1302: creating config.h
config.status:1483: config.h is unchanged
config.status:1531: executing depfiles commands
config.status:1531: executing libtool commands

## ---------------- ##
## Cache variables. ##
## ---------------- ##

ac_cv_build=x86_64-pc-linux-gnu
ac_cv_c_compiler_gnu=yes
ac_cv_c_uint32_t=yes
ac_cv_env_CC_set=set
ac_cv_env_CC_value=wllvm
ac_cv_env_CFLAGS_set=set
ac_cv_env_CFLAGS_value='-g -fno-omit-frame-pointer -fcommon -Wno-error'
ac_cv_env_CPPFLAGS_set=
ac_cv_env_CPPFLAGS_value=
ac_cv_env_CPP_set=
ac_cv_env_CPP_value=
ac_cv_env_ICU_CFLAGS_set=
ac_cv_env_ICU_CFLAGS_value=
ac_cv_env_ICU_LIBS_set=
ac_cv_env_ICU_LIBS_value=
ac_cv_env_LDFLAGS_set=
ac_cv_env_LDFLAGS_value=
ac_cv_env_LIBS_set=
ac_cv_env_LIBS_value=
ac_cv_env_LT_SYS_LIBRARY_PATH_set=
ac_cv_env_LT_SYS_LIBRARY_PATH_value=
ac_cv_env_LZMA_CFLAGS_set=
ac_cv_env_LZMA_CFLAGS_value=
ac_cv_env_LZMA_LIBS_set=
ac_cv_env_LZMA_LIBS_value=
ac_cv_env_PKG_CONFIG_LIBDIR_set=
ac_cv_env_PKG_CONFIG_LIBDIR_value=
ac_cv_env_PKG_CONFIG_PATH_set=
ac_cv_env_PKG_CONFIG_PATH_value=
ac_cv_env_PKG_CONFIG_set=
ac_cv_env_PKG_CONFIG_value=
ac_cv_env_Z_CFLAGS_set=
ac_cv_env_Z_CFLAGS_value=
ac_cv_env_Z_LIBS_set=
ac_cv_env_Z_LIBS_value=
ac_cv_env_build_alias_set=
ac_cv_env_build_alias_value=
ac_cv_env_host_alias_set=
ac_cv_env_host_alias_value=
ac_cv_env_target_alias_set=
ac_cv_env_target_alias_value=
ac_cv_func_dlopen=no
ac_cv_func_fprintf=yes
ac_cv_func_ftime=yes
ac_cv_func_getaddrinfo=yes
ac_cv_func_gettimeofday=yes
ac_cv_func_isascii=yes
ac_cv_func_isinf=yes
ac_cv_func_isnan=yes
ac_cv_func_localtime=yes
ac_cv_func_mmap=yes
ac_cv_func_munmap=yes
ac_cv_func_printf=yes
ac_cv_func_putenv=yes
ac_cv_func_rand=yes
ac_cv_func_rand_r=yes
ac_cv_func_shl_load=no
ac_cv_func_signal=yes
ac_cv_func_snprintf=yes
ac_cv_func_sprintf=yes
ac_cv_func_srand=yes
ac_cv_func_sscanf=yes
ac_cv_func_stat=yes
ac_cv_func_strftime=yes
ac_cv_func_time=yes
ac_cv_func_vfprintf=yes
ac_cv_func_vsnprintf=yes
ac_cv_func_vsprintf=yes
ac_cv_header_arpa_inet_h=yes
ac_cv_header_arpa_nameser_h=yes
ac_cv_header_ctype_h=yes
ac_cv_header_dirent_dirent_h=yes
ac_cv_header_dirent_h=yes
ac_cv_header_dl_h=no
ac_cv_header_dlfcn_h=yes
ac_cv_header_errno_h=yes
ac_cv_header_fcntl_h=yes
ac_cv_header_float_h=yes
ac_cv_header_iconv_h=yes
ac_cv_header_inttypes_h=yes
ac_cv_header_limits_h=yes
ac_cv_header_malloc_h=yes
ac_cv_header_math_h=yes
ac_cv_header_memory_h=yes
ac_cv_header_netdb_h=yes
ac_cv_header_netinet_in_h=yes
ac_cv_header_poll_h=yes
ac_cv_header_resolv_h=yes
ac_cv_header_signal_h=yes
ac_cv_header_stdarg_h=yes
ac_cv_header_stdc=yes
ac_cv_header_stdint_h=yes
ac_cv_header_stdlib_h=yes
ac_cv_header_string_h=yes
ac_cv_header_strings_h=yes
ac_cv_header_sys_mman_h=yes
ac_cv_header_sys_select_h=yes
ac_cv_header_sys_socket_h=yes
ac_cv_header_sys_stat_h=yes
ac_cv_header_sys_time_h=yes
ac_cv_header_sys_timeb_h=yes
ac_cv_header_sys_types_h=yes
ac_cv_header_time_h=yes
ac_cv_header_unistd_h=yes
ac_cv_host=x86_64-pc-linux-gnu
ac_cv_lib_dl_dlopen=yes
ac_cv_lib_dld_shl_load=no
ac_cv_objext=o
ac_cv_path_EGREP='/bin/grep -E'
ac_cv_path_FGREP='/bin/grep -F'
ac_cv_path_GREP=/bin/grep
ac_cv_path_MV=/bin/mv
ac_cv_path_PERL=/usr/bin/perl
ac_cv_path_SED=/bin/sed
ac_cv_path_TAR=/bin/tar
ac_cv_path_WGET=/usr/bin/wget
ac_cv_path_XMLLINT=/usr/bin/xmllint
ac_cv_path_XSLTPROC=/usr/bin/xsltproc
ac_cv_path_ac_pt_PKG_CONFIG=/usr/bin/pkg-config
ac_cv_path_install='/usr/bin/install -c'
ac_cv_path_lt_DD=/bin/dd
ac_cv_path_mkdir=/bin/mkdir
ac_cv_prog_AWK=gawk
ac_cv_prog_CPP='wllvm -E'
ac_cv_prog_ac_ct_AR=ar
ac_cv_prog_ac_ct_CC=wllvm
ac_cv_prog_ac_ct_MANIFEST_TOOL=mt
ac_cv_prog_ac_ct_OBJDUMP=objdump
ac_cv_prog_ac_ct_RANLIB=ranlib
ac_cv_prog_ac_ct_STRIP=strip
ac_cv_prog_cc_c89=
ac_cv_prog_cc_g=yes
ac_cv_prog_make_make_set=yes
ac_cv_search_connect='none required'
ac_cv_search_gethostent='none required'
ac_cv_search_opendir='none required'
ac_cv_search_setsockopt='none required'
am_cv_CC_dependencies_compiler_type=gcc3
am_cv_make_support_nested_variables=yes
am_cv_prog_cc_c_o=yes
lt_cv_ar_at_file=@
lt_cv_deplibs_check_method=pass_all
lt_cv_file_magic_cmd='$MAGIC_CMD'
lt_cv_file_magic_test_file=
lt_cv_ld_reload_flag=-r
lt_cv_nm_interface='BSD nm'
lt_cv_objdir=.libs
lt_cv_path_LD=/usr/bin/ld
lt_cv_path_NM='/usr/bin/nm -B'
lt_cv_path_mainfest_tool=no
lt_cv_prog_compiler_c_o=yes
lt_cv_prog_compiler_pic='-fPIC -DPIC'
lt_cv_prog_compiler_pic_works=yes
lt_cv_prog_compiler_rtti_exceptions=yes
lt_cv_prog_compiler_static_works=yes
lt_cv_prog_gnu_ld=yes
lt_cv_sharedlib_from_linklib_cmd='printf %s\n'
lt_cv_shlibpath_overrides_runpath=no
lt_cv_sys_global_symbol_pipe='sed -n -e '\''s/^.*[	 ]\([ABCDGIRSTW][ABCDGIRSTW]*\)[	 ][	 ]*\([_A-Za-z][_A-Za-z0-9]*\)$/\1 \2 \2/p'\'' | sed '\''/ __gnu_lto/d'\'''
lt_cv_sys_global_symbol_to_c_name_address='sed -n -e '\''s/^: \(.*\) .*$/  {"\1", (void *) 0},/p'\'' -e '\''s/^[ABCDGIRSTW][ABCDGIRSTW]* .* \(.*\)$/  {"\1", (void *) \&\1},/p'\'''
lt_cv_sys_global_symbol_to_c_name_address_lib_prefix='sed -n -e '\''s/^: \(.*\) .*$/  {"\1", (void *) 0},/p'\'' -e '\''s/^[ABCDGIRSTW][ABCDGIRSTW]* .* \(lib.*\)$/  {"\1", (void *) \&\1},/p'\'' -e '\''s/^[ABCDGIRSTW][ABCDGIRSTW]* .* \(.*\)$/  {"lib\1", (void *) \&\1},/p'\'''
lt_cv_sys_global_symbol_to_cdecl='sed -n -e '\''s/^T .* \(.*\)$/extern int \1();/p'\'' -e '\''s/^[ABCDGIRSTW][ABCDGIRSTW]* .* \(.*\)$/extern char \1;/p'\'''
lt_cv_sys_global_symbol_to_import=
lt_cv_sys_max_cmd_len=1572864
lt_cv_to_host_file_cmd=func_convert_file_noop
lt_cv_to_tool_file_cmd=func_convert_file_noop
lt_cv_truncate_bin='/bin/dd bs=4096 count=1'
pkg_cv_LZMA_CFLAGS=
pkg_cv_LZMA_LIBS=-llzma
pkg_cv_Z_CFLAGS=
pkg_cv_Z_LIBS=-lz
xml_cv_iconv_arg2=
xml_cv_iconv_decl='extern size_t iconv (iconv_t cd,  char * *inbuf, size_t *inbytesleft, char * *outbuf, size_t *outbytesleft);'

## ----------------- ##
## Output variables. ##
## ----------------- ##

ACLOCAL='${SHELL} /Beacon/beacon_fuzzing/libxml2/missing aclocal-1.15'
AMDEPBACKSLASH='\'
AMDEP_FALSE='#'
AMDEP_TRUE=''
AMTAR='$${TAR-tar}'
AM_BACKSLASH='\'
AM_DEFAULT_V='$(AM_DEFAULT_VERBOSITY)'
AM_DEFAULT_VERBOSITY='0'
AM_V='$(V)'
AR='ar'
AUTOCONF='${SHELL} /Beacon/beacon_fuzzing/libxml2/missing autoconf'
AUTOHEADER='${SHELL} /Beacon/beacon_fuzzing/libxml2/missing autoheader'
AUTOMAKE='${SHELL} /Beacon/beacon_fuzzing/libxml2/missing automake-1.15'
AWK='gawk'
BASE_THREAD_LIBS=''
C14N_OBJ='c14n.c'
CATALOG_OBJ='catalog.o'
CC='wllvm'
CCDEPMODE='depmode=gcc3'
CFLAGS='-g -fno-omit-frame-pointer -fcommon -Wno-error'
CPP='wllvm -E'
CPPFLAGS=''
CYGPATH_W='echo'
CYGWIN_EXTRA_LDFLAGS=''
CYGWIN_EXTRA_PYTHON_LIBADD=''
DEBUG_OBJ='debugXML.o'
DEFS='-DHAVE_CONFIG_H'
DEPDIR='.deps'
DLLTOOL='false'
DOCB_OBJ='DOCBparser.o'
DSYMUTIL=''
DUMPBIN=''
ECHO_C=''
ECHO_N='-n'
ECHO_T=''
EGREP='/bin/grep -E'
EXEEXT=''
EXTRA_CFLAGS=' -pedantic -Wall -Wextra -Wshadow -Wpointer-arith -Wcast-align -Wwrite-strings -Waggregate-return -Wstrict-prototypes -Wmissing-prototypes -Wnested-externs -Winline -Wredundant-decls -Wno-long-long -Wno-format-extra-args'
FGREP='/bin/grep -F'
FTP_OBJ='nanoftp.o'
GREP='/bin/grep'
HAVE_ISINF=''
HAVE_ISNAN=''
HTML_DIR='$(datadir)/doc/$(PACKAGE)-$(VERSION)/html'
HTML_OBJ='HTMLparser.o HTMLtree.o'
HTTP_OBJ=''
ICONV_LIBS=''
ICU_CFLAGS=''
ICU_LIBS=''
INSTALL_DATA='${INSTALL} -m 644'
INSTALL_PROGRAM='${INSTALL}'
INSTALL_SCRIPT='${INSTALL}'
INSTALL_STRIP_PROGRAM='$(install_sh) -c -s'
LD='/usr/bin/ld -m elf_x86_64'
LDFLAGS=''
LIBOBJS=''
LIBS=''
LIBTOOL='$(SHELL) $(top_builddir)/libtool'
LIBXML_MAJOR_VERSION='2'
LIBXML_MICRO_VERSION='12'
LIBXML_MINOR_VERSION='9'
LIBXML_VERSION='2.9.12'
LIBXML_VERSION_EXTRA=''
LIBXML_VERSION_INFO='11:12:9'
LIBXML_VERSION_NUMBER='20912'
LIPO=''
LN_S='ln -s'
LTLIBOBJS=''
LT_SYS_LIBRARY_PATH=''
LZMA_CFLAGS=''
LZMA_LIBS='-llzma'
MAINT=''
MAINTAINER_MODE_FALSE='#'
MAINTAINER_MODE_TRUE=''
MAKEINFO='${SHELL} /Beacon/beacon_fuzzing/libxml2/missing makeinfo'
MANIFEST_TOOL=':'
MKDIR_P='/bin/mkdir -p'
MODULE_EXTENSION='.so'
MODULE_PLATFORM_LIBS='-ldl'
MV='/bin/mv'
M_LIBS='-lm'
NM='/usr/bin/nm -B'
NMEDIT=''
OBJDUMP='objdump'
OBJEXT='o'
OTOOL64=''
OTOOL=''
PACKAGE='libxml2'
PACKAGE_BUGREPORT=''
PACKAGE_NAME='libxml2'
PACKAGE_STRING='libxml2 2.9.12'
PACKAGE_TARNAME='libxml2'
PACKAGE_URL=''
PACKAGE_VERSION='2.9.12'
PATH_SEPARATOR=':'
PERL='/usr/bin/perl'
PKG_CONFIG='/usr/bin/pkg-config'
PKG_CONFIG_LIBDIR=''
PKG_CONFIG_PATH=''
PYTHON=''
PYTHON_INCLUDES=''
PYTHON_LIBS=''
PYTHON_SITE_PACKAGES=''
PYTHON_SUBDIR=''
PYTHON_TESTS=''
PYTHON_VERSION=''
RANLIB='ranlib'
RDL_LIBS=''
READER_TEST='Readertests'
REBUILD_DOCS_FALSE=''
REBUILD_DOCS_TRUE='#'
RELDATE='Tue Apr  1 2025'
SED='/bin/sed'
SET_MAKE=''
SHELL='/bin/bash'
STATIC_BINARIES=''
STRIP='strip'
TAR='/bin/tar'
TEST_C14N='C14Ntests'
TEST_CATALOG='Catatests'
TEST_DEBUG='Scripttests'
TEST_HTML='HTMLtests'
TEST_MODULES='ModuleTests'
TEST_PATTERN='Patterntests'
TEST_PHTML='HTMLPushtests'
TEST_PUSH='XMLPushtests'
TEST_REGEXPS='Regexptests Automatatests'
TEST_SAX='SAXtests'
TEST_SCHEMAS='Schemastests Relaxtests'
TEST_SCHEMATRON='Schematrontests'
TEST_THREADS=''
TEST_VALID='Validtests'
TEST_VTIME='VTimingtests'
TEST_XINCLUDE='XIncludetests'
TEST_XPATH='XPathtests'
TEST_XPTR='XPtrtests'
THREADS_W32_FALSE=''
THREADS_W32_TRUE='#'
THREAD_CFLAGS=''
THREAD_LIBS=''
USE_VERSION_SCRIPT_FALSE='#'
USE_VERSION_SCRIPT_TRUE=''
VERSION='2.9.12'
VERSION_SCRIPT_FLAGS='-Wl,--version-script='
WGET='/usr/bin/wget'
WIN32_EXTRA_LDFLAGS=''
WIN32_EXTRA_LIBADD=''
WIN32_EXTRA_PYTHON_LIBADD=''
WITH_C14N='1'
WITH_CATALOG='1'
WITH_DEBUG='1'
WITH_DOCB='1'
WITH_FTP='1'
WITH_HTML='1'
WITH_HTTP='0'
WITH_ICONV='1'
WITH_ICU='0'
WITH_ISO8859X='1'
WITH_LEGACY='1'
WITH_LZMA='1'
WITH_MEM_DEBUG='0'
WITH_MODULES='1'
WITH_OUTPUT='1'
WITH_PATTERN='1'
WITH_PUSH='1'
WITH_PYTHON_FALSE=''
WITH_PYTHON_TRUE='#'
WITH_READER='1'
WITH_REGEXPS='1'
WITH_RUN_DEBUG='0'
WITH_SAX1='1'
WITH_SAX1_SOURCES_FALSE=''
WITH_SAX1_SOURCES_TRUE='#'
WITH_SCHEMAS='1'
WITH_SCHEMATRON='1'
WITH_THREADS='0'
WITH_THREAD_ALLOC='0'
WITH_TREE='1'
WITH_TRIO='0'
WITH_TRIO_SOURCES_FALSE=''
WITH_TRIO_SOURCES_TRUE='#'
WITH_VALID='1'
WITH_WRITER='1'
WITH_XINCLUDE='1'
WITH_XPATH='1'
WITH_XPTR='1'
WITH_ZLIB='1'
XINCLUDE_OBJ='xinclude.o'
XMLLINT='/usr/bin/xmllint'
XML_CFLAGS=''
XML_INCLUDEDIR='-I${includedir}/libxml2'
XML_LIBDIR='-L${libdir}'
XML_LIBS='-lxml2'
XML_LIBTOOLLIBS='libxml2.la'
XML_PRIVATE_LIBS='-lz -llzma    -lm '
XPATH_OBJ='xpath.o'
XPTR_OBJ='xpointer.o'
XSLTPROC='/usr/bin/xsltproc'
Z_CFLAGS=''
Z_LIBS='-lz'
ac_ct_AR='ar'
ac_ct_CC='wllvm'
ac_ct_DUMPBIN=''
am__EXEEXT_FALSE=''
am__EXEEXT_TRUE='#'
am__fastdepCC_FALSE='#'
am__fastdepCC_TRUE=''
am__include='include'
am__isrc=''
am__leading_dot='.'
am__nodep='_no'
am__quote=''
am__tar='$${TAR-tar} chof - "$$tardir"'
am__untar='$${TAR-tar} xf -'
bindir='${exec_prefix}/bin'
build='x86_64-pc-linux-gnu'
build_alias=''
build_cpu='x86_64'
build_os='linux-gnu'
build_vendor='pc'
datadir='${datarootdir}'
datarootdir='${prefix}/share'
docdir='${datarootdir}/doc/${PACKAGE_TARNAME}'
dvidir='${docdir}'
exec_prefix='${prefix}'
host='x86_64-pc-linux-gnu'
host_alias=''
host_cpu='x86_64'
host_os='linux-gnu'
host_vendor='pc'
htmldir='${docdir}'
includedir='${prefix}/include'
infodir='${datarootdir}/info'
install_sh='${SHELL} /Beacon/beacon_fuzzing/libxml2/install-sh'
libdir='${exec_prefix}/lib'
libexecdir='${exec_prefix}/libexec'
localedir='${datarootdir}/locale'
localstatedir='${prefix}/var'
mandir='${datarootdir}/man'
mkdir_p='$(MKDIR_P)'
oldincludedir='/usr/include'
pdfdir='${docdir}'
prefix='/usr/local'
program_transform_name='s,x,x,'
psdir='${docdir}'
pythondir=''
runstatedir='${localstatedir}/run'
sbindir='${exec_prefix}/sbin'
sharedstatedir='${prefix}/com'
sysconfdir='${prefix}/etc'
target_alias=''

## ----------- ##
## confdefs.h. ##
## ----------- ##

/* confdefs.h */
#define PACKAGE_NAME "libxml2"
#define PACKAGE_TARNAME "libxml2"
#define PACKAGE_VERSION "2.9.12"
#define PACKAGE_STRING "libxml2 2.9.12"
#define PACKAGE_BUGREPORT ""
#define PACKAGE_URL ""
#define PACKAGE "libxml2"
#define VERSION "2.9.12"
#define STDC_HEADERS 1
#define HAVE_SYS_TYPES_H 1
#define HAVE_SYS_STAT_H 1
#define HAVE_STDLIB_H 1
#define HAVE_STRING_H 1
#define HAVE_MEMORY_H 1
#define HAVE_STRINGS_H 1
#define HAVE_INTTYPES_H 1
#define HAVE_STDINT_H 1
#define HAVE_UNISTD_H 1
#define HAVE_DLFCN_H 1
#define LT_OBJDIR ".libs/"
#define HAVE_DIRENT_H 1
#define STDC_HEADERS 1
#define HAVE_FCNTL_H 1
#define HAVE_UNISTD_H 1
#define HAVE_CTYPE_H 1
#define HAVE_DIRENT_H 1
#define HAVE_ERRNO_H 1
#define HAVE_MALLOC_H 1
#define HAVE_STDARG_H 1
#define HAVE_SYS_STAT_H 1
#define HAVE_SYS_TYPES_H 1
#define HAVE_STDINT_H 1
#define HAVE_INTTYPES_H 1
#define HAVE_TIME_H 1
#define HAVE_MATH_H 1
#define HAVE_LIMITS_H 1
#define HAVE_FLOAT_H 1
#define HAVE_STDLIB_H 1
#define HAVE_SYS_SOCKET_H 1
#define HAVE_NETINET_IN_H 1
#define HAVE_ARPA_INET_H 1
#define HAVE_NETDB_H 1
#define HAVE_SYS_TIME_H 1
#define HAVE_SYS_SELECT_H 1
#define HAVE_POLL_H 1
#define HAVE_SYS_MMAN_H 1
#define HAVE_SYS_TIMEB_H 1
#define HAVE_SIGNAL_H 1
#define HAVE_ARPA_NAMESER_H 1
#define HAVE_RESOLV_H 1
#define HAVE_DLFCN_H 1
#define HAVE_STRFTIME 1
#define HAVE_STRFTIME 1
#define HAVE_LOCALTIME 1
#define HAVE_GETTIMEOFDAY 1
#define HAVE_FTIME 1
#define HAVE_STAT 1
#define HAVE_SIGNAL 1
#define HAVE_RAND 1
#define HAVE_RAND_R 1
#define HAVE_SRAND 1
#define HAVE_TIME 1
#define HAVE_ISASCII 1
#define HAVE_MMAP 1
#define HAVE_MUNMAP 1
#define HAVE_PUTENV 1
#define HAVE_VA_COPY 1
#define VA_LIST_IS_ARRAY 1
#define XML_SOCKLEN_T socklen_t
#define GETHOSTBYNAME_ARG_CAST /**/
#define SEND_ARG2_CAST /**/
#define HAVE_ATTRIBUTE_DESTRUCTOR 1
#define ATTRIBUTE_DESTRUCTOR __attribute__((destructor))
#define SUPPORT_IP6 /**/
#define HAVE_GETADDRINFO /**/
#define HAVE_ISNAN /**/
#define HAVE_ISINF /**/
#define HAVE_DLOPEN /**/
#define ICONV_CONST 
#define HAVE_PRINTF 1
#define HAVE_SPRINTF 1
#define HAVE_FPRINTF 1
#define HAVE_SNPRINTF 1
#define HAVE_VFPRINTF 1
#define HAVE_VSPRINTF 1
#define HAVE_VSNPRINTF 1
#define HAVE_SSCANF 1

configure: exit 0
